<?xml version="1.0" encoding="UTF-8" standalone="yes"?><!DOCTYPE report PUBLIC "-//JACOCO//DTD Report 1.1//EN" "report.dtd"><report name="s0"><sessioninfo id="thehappy2na-229.devices.brown.edu-9c2c04" start="1706987848897" dump="1706987849711"/><sessioninfo id="thehappy2na-229.devices.brown.edu-b533590c" start="1706988293158" dump="1706988293887"/><sessioninfo id="thehappy2na-229.devices.brown.edu-22b415d" start="1706988582352" dump="1706988583019"/><sessioninfo id="thehappy2na-229.devices.brown.edu-e2d522b8" start="1706988596614" dump="1706988597211"/><sessioninfo id="thehappy2na-229.devices.brown.edu-e2bc9558" start="1706988662025" dump="1706988662610"/><sessioninfo id="thehappy2na-229.devices.brown.edu-90ac1483" start="1706989229197" dump="1706989229814"/><sessioninfo id="thehappy2na-229.devices.brown.edu-a564a3f9" start="1706989389205" dump="1706989389790"/><sessioninfo id="thehappy2na-229.devices.brown.edu-c3babdbf" start="1706990007739" dump="1706990009122"/><sessioninfo id="thehappy2na-229.devices.brown.edu-2b27d539" start="1706990064420" dump="1706990065060"/><sessioninfo id="thehappy2na-229.devices.brown.edu-45205981" start="1706992067970" dump="1706992068692"/><sessioninfo id="thehappy2na-229.devices.brown.edu-40365c57" start="1706992937012" dump="1706992938096"/><sessioninfo id="thehappy2na-229.devices.brown.edu-be78780f" start="1706993006330" dump="1706993007898"/><sessioninfo id="thehappy2na-229.devices.brown.edu-27220b8" start="1706993047869" dump="1706993049151"/><sessioninfo id="thehappy2na-229.devices.brown.edu-dd81b2b7" start="1706993120857" dump="1706993121709"/><sessioninfo id="thehappy2na-229.devices.brown.edu-92ac2cd3" start="1706994364830" dump="1706994365665"/><sessioninfo id="thehappy2na-229.devices.brown.edu-3a2b3e13" start="1706994429502" dump="1706994430264"/><sessioninfo id="thehappy2na-229.devices.brown.edu-87e5f469" start="1706994549903" dump="1706994550705"/><sessioninfo id="thehappy2na-229.devices.brown.edu-f808f3cb" start="1706994588646" dump="1706994589403"/><sessioninfo id="thehappy2na-229.devices.brown.edu-4fab1809" start="1706994614772" dump="1706994615514"/><sessioninfo id="thehappy2na-229.devices.brown.edu-e42718b4" start="1706994680078" dump="1706994681095"/><sessioninfo id="thehappy2na-229.devices.brown.edu-e996601a" start="1706994830149" dump="1706994830922"/><sessioninfo id="thehappy2na-229.devices.brown.edu-18034aa7" start="1706994862355" dump="1706994863121"/><sessioninfo id="thehappy2na-229.devices.brown.edu-3ada06f9" start="1707010148420" dump="1707010149460"/><sessioninfo id="thehappy2na-229.devices.brown.edu-47e9a970" start="1707010530314" dump="1707010531435"/><sessioninfo id="thehappy2na-229.devices.brown.edu-d516249c" start="1707011179439" dump="1707011180808"/><sessioninfo id="thehappy2na-229.devices.brown.edu-fc916576" start="1707011890430" dump="1707011891925"/><sessioninfo id="thehappy2na-229.devices.brown.edu-63616b1d" start="1707012337184" dump="1707012338444"/><sessioninfo id="thehappy2na-229.devices.brown.edu-8c83fe73" start="1707012347720" dump="1707012349165"/><sessioninfo id="thehappy2na-229.devices.brown.edu-24e645f8" start="1707012506148" dump="1707012508854"/><sessioninfo id="thehappy2na-229.devices.brown.edu-bf95c75a" start="1707023210489" dump="1707023211611"/><sessioninfo id="thehappy2na-229.devices.brown.edu-615a4bf0" start="1707063860209" dump="1707063861418"/><sessioninfo id="thehappy2na-229.devices.brown.edu-a58f20c6" start="1707064056447" dump="1707064057670"/><sessioninfo id="thehappy2na-229.devices.brown.edu-1f170b9" start="1707073296917" dump="1707073297943"/><sessioninfo id="thehappy2na-229.devices.brown.edu-29f96916" start="1707073413821" dump="1707073415116"/><sessioninfo id="thehappy2na-229.devices.brown.edu-641b5bac" start="1707073839118" dump="1707073840572"/><sessioninfo id="thehappy2na-229.devices.brown.edu-f9136809" start="1707074690748" dump="1707074691996"/><sessioninfo id="thehappy2na-229.devices.brown.edu-2c31785b" start="1707088563996" dump="1707088565586"/><sessioninfo id="Robertos-MacBook-Pro-115.local-1b708334" start="1724856379020" dump="1724856379471"/><sessioninfo id="Robertos-MacBook-Pro-115.local-c02d7b77" start="1724856433550" dump="1724856433973"/><package name="edu/brown/cs/student/main"><class name="edu/brown/cs/student/main/Main" sourcefilename="Main.java"><method name="&lt;init&gt;" desc="()V" line="16"><counter type="INSTRUCTION" missed="3" covered="0"/><counter type="LINE" missed="1" covered="0"/><counter type="COMPLEXITY" missed="1" covered="0"/><counter type="METHOD" missed="1" covered="0"/></method><method name="main" desc="([Ljava/lang/String;)V" line="25"><counter type="INSTRUCTION" missed="47" covered="0"/><counter type="BRANCH" missed="2" covered="0"/><counter type="LINE" missed="13" covered="0"/><counter type="COMPLEXITY" missed="2" covered="0"/><counter type="METHOD" missed="1" covered="0"/></method><counter type="INSTRUCTION" missed="50" covered="0"/><counter type="BRANCH" missed="2" covered="0"/><counter type="LINE" missed="14" covered="0"/><counter type="COMPLEXITY" missed="3" covered="0"/><counter type="METHOD" missed="2" covered="0"/><counter type="CLASS" missed="1" covered="0"/></class><sourcefile name="Main.java"><line nr="16" mi="3" ci="0" mb="0" cb="0"/><line nr="25" mi="4" ci="0" mb="0" cb="0"/><line nr="26" mi="11" ci="0" mb="0" cb="0"/><line nr="28" mi="3" ci="0" mb="0" cb="0"/><line nr="29" mi="6" ci="0" mb="2" cb="0"/><line nr="30" mi="3" ci="0" mb="0" cb="0"/><line nr="33" mi="3" ci="0" mb="0" cb="0"/><line nr="34" mi="4" ci="0" mb="0" cb="0"/><line nr="35" mi="1" ci="0" mb="0" cb="0"/><line nr="36" mi="3" ci="0" mb="0" cb="0"/><line nr="37" mi="1" ci="0" mb="0" cb="0"/><line nr="38" mi="5" ci="0" mb="0" cb="0"/><line nr="39" mi="2" ci="0" mb="0" cb="0"/><line nr="40" mi="1" ci="0" mb="0" cb="0"/><counter type="INSTRUCTION" missed="50" covered="0"/><counter type="BRANCH" missed="2" covered="0"/><counter type="LINE" missed="14" covered="0"/><counter type="COMPLEXITY" missed="3" covered="0"/><counter type="METHOD" missed="2" covered="0"/><counter type="CLASS" missed="1" covered="0"/></sourcefile><counter type="INSTRUCTION" missed="50" covered="0"/><counter type="BRANCH" missed="2" covered="0"/><counter type="LINE" missed="14" covered="0"/><counter type="COMPLEXITY" missed="3" covered="0"/><counter type="METHOD" missed="2" covered="0"/><counter type="CLASS" missed="1" covered="0"/></package><package name="Parser/CreatorObjects"><class name="Parser/CreatorObjects/CreateListStrings" sourcefilename="CreateListStrings.java"><method name="&lt;init&gt;" desc="()V" line="7"><counter type="INSTRUCTION" missed="3" covered="0"/><counter type="LINE" missed="1" covered="0"/><counter type="COMPLEXITY" missed="1" covered="0"/><counter type="METHOD" missed="1" covered="0"/></method><method name="create" desc="(Ljava/util/List;)Ljava/util/List;" line="11"><counter type="INSTRUCTION" missed="2" covered="0"/><counter type="LINE" missed="1" covered="0"/><counter type="COMPLEXITY" missed="1" covered="0"/><counter type="METHOD" missed="1" covered="0"/></method><counter type="INSTRUCTION" missed="5" covered="0"/><counter type="LINE" missed="2" covered="0"/><counter type="COMPLEXITY" missed="2" covered="0"/><counter type="METHOD" missed="2" covered="0"/><counter type="CLASS" missed="1" covered="0"/></class><sourcefile name="CreateListStrings.java"><line nr="7" mi="3" ci="0" mb="0" cb="0"/><line nr="11" mi="2" ci="0" mb="0" cb="0"/><counter type="INSTRUCTION" missed="5" covered="0"/><counter type="LINE" missed="2" covered="0"/><counter type="COMPLEXITY" missed="2" covered="0"/><counter type="METHOD" missed="2" covered="0"/><counter type="CLASS" missed="1" covered="0"/></sourcefile><counter type="INSTRUCTION" missed="5" covered="0"/><counter type="LINE" missed="2" covered="0"/><counter type="COMPLEXITY" missed="2" covered="0"/><counter type="METHOD" missed="2" covered="0"/><counter type="CLASS" missed="1" covered="0"/></package><package name="Parser"><class name="Parser/CreatorFromRow" sourcefilename="CreatorFromRow.java"/><class name="Parser/FactoryFailureException" sourcefilename="FactoryFailureException.java"><method name="&lt;init&gt;" desc="(Ljava/lang/String;Ljava/util/List;)V" line="10"><counter type="INSTRUCTION" missed="10" covered="0"/><counter type="LINE" missed="3" covered="0"/><counter type="COMPLEXITY" missed="1" covered="0"/><counter type="METHOD" missed="1" covered="0"/></method><counter type="INSTRUCTION" missed="10" covered="0"/><counter type="LINE" missed="3" covered="0"/><counter type="COMPLEXITY" missed="1" covered="0"/><counter type="METHOD" missed="1" covered="0"/><counter type="CLASS" missed="1" covered="0"/></class><class name="Parser/Parser" sourcefilename="Parser.java"><method name="&lt;init&gt;" desc="(Ljava/io/Reader;LParser/CreatorFromRow;)V" line="23"><counter type="INSTRUCTION" missed="14" covered="0"/><counter type="LINE" missed="5" covered="0"/><counter type="COMPLEXITY" missed="1" covered="0"/><counter type="METHOD" missed="1" covered="0"/></method><method name="parse" desc="(Ljava/lang/Boolean;)V" line="36"><counter type="INSTRUCTION" missed="59" covered="0"/><counter type="BRANCH" missed="8" covered="0"/><counter type="LINE" missed="17" covered="0"/><counter type="COMPLEXITY" missed="5" covered="0"/><counter type="METHOD" missed="1" covered="0"/></method><method name="getParsed" desc="()Ljava/util/List;" line="60"><counter type="INSTRUCTION" missed="4" covered="0"/><counter type="LINE" missed="1" covered="0"/><counter type="COMPLEXITY" missed="1" covered="0"/><counter type="METHOD" missed="1" covered="0"/></method><method name="getHeader" desc="()Ljava/util/List;" line="64"><counter type="INSTRUCTION" missed="4" covered="0"/><counter type="LINE" missed="1" covered="0"/><counter type="COMPLEXITY" missed="1" covered="0"/><counter type="METHOD" missed="1" covered="0"/></method><counter type="INSTRUCTION" missed="81" covered="0"/><counter type="BRANCH" missed="8" covered="0"/><counter type="LINE" missed="24" covered="0"/><counter type="COMPLEXITY" missed="8" covered="0"/><counter type="METHOD" missed="4" covered="0"/><counter type="CLASS" missed="1" covered="0"/></class><sourcefile name="Parser.java"><line nr="23" mi="2" ci="0" mb="0" cb="0"/><line nr="24" mi="3" ci="0" mb="0" cb="0"/><line nr="25" mi="5" ci="0" mb="0" cb="0"/><line nr="26" mi="3" ci="0" mb="0" cb="0"/><line nr="27" mi="1" ci="0" mb="0" cb="0"/><line nr="36" mi="3" ci="0" mb="0" cb="0"/><line nr="37" mi="6" ci="0" mb="0" cb="0"/><line nr="39" mi="2" ci="0" mb="0" cb="0"/><line nr="40" mi="5" ci="0" mb="2" cb="0"/><line nr="41" mi="4" ci="0" mb="0" cb="0"/><line nr="42" mi="4" ci="0" mb="0" cb="0"/><line nr="43" mi="3" ci="0" mb="2" cb="0"/><line nr="44" mi="3" ci="0" mb="0" cb="0"/><line nr="45" mi="3" ci="0" mb="2" cb="0"/><line nr="46" mi="3" ci="0" mb="0" cb="0"/><line nr="47" mi="1" ci="0" mb="0" cb="0"/><line nr="50" mi="4" ci="0" mb="2" cb="0"/><line nr="51" mi="6" ci="0" mb="0" cb="0"/><line nr="54" mi="8" ci="0" mb="0" cb="0"/><line nr="55" mi="1" ci="0" mb="0" cb="0"/><line nr="56" mi="2" ci="0" mb="0" cb="0"/><line nr="57" mi="1" ci="0" mb="0" cb="0"/><line nr="60" mi="4" ci="0" mb="0" cb="0"/><line nr="64" mi="4" ci="0" mb="0" cb="0"/><counter type="INSTRUCTION" missed="81" covered="0"/><counter type="BRANCH" missed="8" covered="0"/><counter type="LINE" missed="24" covered="0"/><counter type="COMPLEXITY" missed="8" covered="0"/><counter type="METHOD" missed="4" covered="0"/><counter type="CLASS" missed="1" covered="0"/></sourcefile><sourcefile name="FactoryFailureException.java"><line nr="10" mi="3" ci="0" mb="0" cb="0"/><line nr="11" mi="6" ci="0" mb="0" cb="0"/><line nr="12" mi="1" ci="0" mb="0" cb="0"/><counter type="INSTRUCTION" missed="10" covered="0"/><counter type="LINE" missed="3" covered="0"/><counter type="COMPLEXITY" missed="1" covered="0"/><counter type="METHOD" missed="1" covered="0"/><counter type="CLASS" missed="1" covered="0"/></sourcefile><sourcefile name="CreatorFromRow.java"/><counter type="INSTRUCTION" missed="91" covered="0"/><counter type="BRANCH" missed="8" covered="0"/><counter type="LINE" missed="27" covered="0"/><counter type="COMPLEXITY" missed="9" covered="0"/><counter type="METHOD" missed="5" covered="0"/><counter type="CLASS" missed="2" covered="0"/></package><counter type="INSTRUCTION" missed="146" covered="0"/><counter type="BRANCH" missed="10" covered="0"/><counter type="LINE" missed="43" covered="0"/><counter type="COMPLEXITY" missed="14" covered="0"/><counter type="METHOD" missed="9" covered="0"/><counter type="CLASS" missed="4" covered="0"/></report>