GROUP,PACKAGE,CLASS,INSTRUCTION_MISSED,INSTRUCTION_COVERED,BRANCH_MISSED,BRANCH_COVERED,LINE_MISSED,LINE_COVERED,COMPLEXITY_MISSED,COMPLEXITY_COVERED,METHOD_MISSED,METHOD_COVERED
s0,edu.brown.cs.student.main,Main,180,0,18,0,54,0,12,0,3,0
s0,edu.brown.cs.student.main,FactoryFailureException,0,10,0,0,0,3,0,1,0,1
s0,CreatorFromRowObjects,StringListCreator,0,5,0,0,0,2,0,2,0,2
s0,Search,Search,0,357,0,46,0,79,0,30,0,7
s0,CreatorFromRowObjects.Star,Star,0,21,0,0,0,8,0,2,0,2
s0,CreatorFromRowObjects.Star,StarObjCreator,7,51,0,0,2,10,0,2,0,2
s0,Parser,CSVParser,0,82,0,6,0,24,0,7,0,4
